$VAR1 = bless( {
                 'Sources' => bless( {
                                       'Count' => 3,
                                       'Item' => undef,
                                       'ItemByName' => undef,
                                       'ItemByPersistentID' => undef
                                     }, 'Win32::OLE' ),
                 'Encoders' => bless( {
                                        'Count' => 5,
                                        'Item' => undef,
                                        'ItemByName' => undef
                                      }, 'Win32::OLE' ),
                 'EQPresets' => bless( {
                                         'Count' => 23,
                                         'Item' => undef,
                                         'ItemByName' => undef
                                       }, 'Win32::OLE' ),
                 'Visuals' => bless( {
                                       'Count' => 2,
                                       'Item' => undef,
                                       'ItemByName' => undef
                                     }, 'Win32::OLE' ),
                 'Windows' => bless( {
                                       'Count' => 2,
                                       'Item' => undef,
                                       'ItemByName' => undef
                                     }, 'Win32::OLE' ),
                 'SoundVolume' => 30,
                 'Mute' => 0,
                 'PlayerState' => 1,
                 'PlayerPosition' => 211,
                 'CurrentEncoder' => bless( {
                                              'Name' => 'AAC Encoder',
                                              'Format' => 'AAC'
                                            }, 'Win32::OLE' ),
                 'VisualsEnabled' => 0,
                 'FullScreenVisuals' => 0,
                 'VisualSize' => 2,
                 'CurrentVisual' => bless( {
                                             'Name' => 'iTunes ビジュアライザ'
                                           }, 'Win32::OLE' ),
                 'EQEnabled' => 0,
                 'CurrentEQPreset' => bless( {
                                               'Name' => 'Flat',
                                               'Modifiable' => 1,
                                               'Preamp' => '0',
                                               'Band1' => '0',
                                               'Band2' => '0',
                                               'Band3' => '0',
                                               'Band4' => '0',
                                               'Band5' => '0',
                                               'Band6' => '0',
                                               'Band7' => '0',
                                               'Band8' => '0',
                                               'Band9' => '0',
                                               'Band10' => '0'
                                             }, 'Win32::OLE' ),
                 'CurrentStreamTitle' => '',
                 'CurrentStreamURL' => '',
                 'BrowserWindow' => bless( {
                                             'Name' => 'iTunes',
                                             'Kind' => 1,
                                             'Visible' => 1,
                                             'Resizable' => 1,
                                             'Minimized' => 0,
                                             'Maximizable' => 1,
                                             'Maximized' => 0,
                                             'Zoomable' => 1,
                                             'Zoomed' => 0,
                                             'Top' => 237,
                                             'Left' => -1100,
                                             'Bottom' => 829,
                                             'Right' => 0,
                                             'Width' => 1100,
                                             'Height' => 592,
                                             'MiniPlayer' => 0,
                                             'SelectedTracks' => undef,
                                             'SelectedPlaylist' => bless( {
                                                                            'Name' => 'local',
                                                                            'Index' => 24,
                                                                            'sourceID' => 69,
                                                                            'playlistID' => 480,
                                                                            'trackID' => 0,
                                                                            'TrackDatabaseID' => 0,
                                                                            'Kind' => 2,
                                                                            'Source' => bless( {
                                                                                                 'Name' => 'ライブラリ',
                                                                                                 'Index' => 1,
                                                                                                 'sourceID' => 69,
                                                                                                 'playlistID' => 0,
                                                                                                 'trackID' => 0,
                                                                                                 'TrackDatabaseID' => 0,
                                                                                                 'Kind' => 1,
                                                                                                 'Capacity' => '0',
                                                                                                 'FreeSpace' => '0',
                                                                                                 'Playlists' => bless( {
                                                                                                                         'Count' => 20,
                                                                                                                         'Item' => undef,
                                                                                                                         'ItemByName' => undef,
                                                                                                                         'ItemByPersistentID' => undef
                                                                                                                       }, 'Win32::OLE' )
                                                                                               }, 'Win32::OLE' ),
                                                                            'Duration' => 8545,
                                                                            'Shuffle' => 0,
                                                                            'Size' => '306673892',
                                                                            'SongRepeat' => 2,
                                                                            'Time' => '2:22:25',
                                                                            'Visible' => 1,
                                                                            'Tracks' => bless( {
                                                                                                 'Count' => 32,
                                                                                                 'Item' => undef,
                                                                                                 'ItemByPlayOrder' => undef,
                                                                                                 'ItemByName' => undef,
                                                                                                 'ItemByPersistentID' => undef
                                                                                               }, 'Win32::OLE' ),
                                                                            'Shared' => 0,
                                                                            'Smart' => 0,
                                                                            'SpecialKind' => 0,
                                                                            'Parent' => undef
                                                                          }, 'Win32::OLE' )
                                           }, 'Win32::OLE' ),
                 'EQWindow' => bless( {
                                        'Name' => 'イコライザ',
                                        'Kind' => 3,
                                        'Visible' => 0,
                                        'Resizable' => 0,
                                        'Minimized' => 0,
                                        'Maximizable' => 0,
                                        'Maximized' => 0,
                                        'Zoomable' => 0,
                                        'Zoomed' => 0,
                                        'Top' => 435,
                                        'Left' => 740,
                                        'Bottom' => 637,
                                        'Right' => 1180,
                                        'Width' => 440,
                                        'Height' => 202
                                      }, 'Win32::OLE' ),
                 'LibrarySource' => bless( {
                                             'Name' => 'ライブラリ',
                                             'Index' => 1,
                                             'sourceID' => 69,
                                             'playlistID' => 0,
                                             'trackID' => 0,
                                             'TrackDatabaseID' => 0,
                                             'Kind' => 1,
                                             'Capacity' => '0',
                                             'FreeSpace' => '0',
                                             'Playlists' => bless( {
                                                                     'Count' => 20,
                                                                     'Item' => undef,
                                                                     'ItemByName' => undef,
                                                                     'ItemByPersistentID' => undef
                                                                   }, 'Win32::OLE' )
                                           }, 'Win32::OLE' ),
                 'LibraryPlaylist' => bless( {
                                               'Name' => 'ライブラリ',
                                               'Index' => 1,
                                               'sourceID' => 69,
                                               'playlistID' => 245,
                                               'trackID' => 0,
                                               'TrackDatabaseID' => 0,
                                               'Kind' => 1,
                                               'Source' => bless( {
                                                                    'Name' => 'ライブラリ',
                                                                    'Index' => 1,
                                                                    'sourceID' => 69,
                                                                    'playlistID' => 0,
                                                                    'trackID' => 0,
                                                                    'TrackDatabaseID' => 0,
                                                                    'Kind' => 1,
                                                                    'Capacity' => '0',
                                                                    'FreeSpace' => '0',
                                                                    'Playlists' => bless( {
                                                                                            'Count' => 20,
                                                                                            'Item' => undef,
                                                                                            'ItemByName' => undef,
                                                                                            'ItemByPersistentID' => undef
                                                                                          }, 'Win32::OLE' )
                                                                  }, 'Win32::OLE' ),
                                               'Duration' => 14308,
                                               'Shuffle' => 0,
                                               'Size' => '523072687',
                                               'SongRepeat' => 2,
                                               'Time' => '3:58:28',
                                               'Visible' => 0,
                                               'Tracks' => bless( {
                                                                    'Count' => 56,
                                                                    'Item' => undef,
                                                                    'ItemByPlayOrder' => undef,
                                                                    'ItemByName' => undef,
                                                                    'ItemByPersistentID' => undef
                                                                  }, 'Win32::OLE' )
                                             }, 'Win32::OLE' ),
                 'CurrentTrack' => bless( {
                                            'Name' => '恋は渾沌の隷也',
                                            'Index' => 14,
                                            'sourceID' => 69,
                                            'playlistID' => 480,
                                            'trackID' => 496,
                                            'TrackDatabaseID' => 159,
                                            'Kind' => 1,
                                            'Playlist' => bless( {
                                                                   'Name' => 'local',
                                                                   'Index' => 24,
                                                                   'sourceID' => 69,
                                                                   'playlistID' => 480,
                                                                   'trackID' => 0,
                                                                   'TrackDatabaseID' => 0,
                                                                   'Kind' => 2,
                                                                   'Source' => bless( {
                                                                                        'Name' => 'ライブラリ',
                                                                                        'Index' => 1,
                                                                                        'sourceID' => 69,
                                                                                        'playlistID' => 0,
                                                                                        'trackID' => 0,
                                                                                        'TrackDatabaseID' => 0,
                                                                                        'Kind' => 1,
                                                                                        'Capacity' => '0',
                                                                                        'FreeSpace' => '0',
                                                                                        'Playlists' => bless( {
                                                                                                                'Count' => 20,
                                                                                                                'Item' => undef,
                                                                                                                'ItemByName' => undef,
                                                                                                                'ItemByPersistentID' => undef
                                                                                                              }, 'Win32::OLE' )
                                                                                      }, 'Win32::OLE' ),
                                                                   'Duration' => 8545,
                                                                   'Shuffle' => 0,
                                                                   'Size' => '306673892',
                                                                   'SongRepeat' => 2,
                                                                   'Time' => '2:22:25',
                                                                   'Visible' => 1,
                                                                   'Tracks' => bless( {
                                                                                        'Count' => 32,
                                                                                        'Item' => undef,
                                                                                        'ItemByPlayOrder' => undef,
                                                                                        'ItemByName' => undef,
                                                                                        'ItemByPersistentID' => undef
                                                                                      }, 'Win32::OLE' ),
                                                                   'Shared' => 0,
                                                                   'Smart' => 0,
                                                                   'SpecialKind' => 0,
                                                                   'Parent' => undef
                                                                 }, 'Win32::OLE' ),
                                            'Album' => '邪礼曲たち',
                                            'Artist' => '後ろから這いより隊G (阿澄佳奈, 松来未祐, 大坪由佳)',
                                            'BitRate' => 320,
                                            'BPM' => 0,
                                            'Comment' => '',
                                            'Compilation' => 0,
                                            'Composer' => '',
                                            'DateAdded' => bless( do{\(my $o = 46182120)}, 'Win32::OLE::Variant' ),
                                            'DiscCount' => 1,
                                            'DiscNumber' => 1,
                                            'Duration' => 240,
                                            'Enabled' => 1,
                                            'EQ' => '',
                                            'Finish' => 240,
                                            'Genre' => 'Soundtrack',
                                            'Grouping' => '',
                                            'KindAsString' => 'MPEG オーディオファイル',
                                            'ModificationDate' => bless( do{\(my $o = 46185368)}, 'Win32::OLE::Variant' ),
                                            'PlayedCount' => 11,
                                            'PlayedDate' => bless( do{\(my $o = 46188056)}, 'Win32::OLE::Variant' ),
                                            'PlayOrderIndex' => 14,
                                            'Rating' => 0,
                                            'SampleRate' => 44100,
                                            'Size' => 9622745,
                                            'Start' => 0,
                                            'Time' => '4:00',
                                            'TrackCount' => 12,
                                            'TrackNumber' => 1,
                                            'VolumeAdjustment' => 0,
                                            'Year' => 2013,
                                            'Artwork' => bless( {
                                                                  'Count' => 0,
                                                                  'Item' => undef
                                                                }, 'Win32::OLE' ),
                                            'Location' => 'E:\\Takehara\\Music\\iTunes\\Music\\後ろから這いより隊G (阿澄佳奈, 松来未祐, 大坪由佳)\\邪礼曲たち\\01 恋は渾沌の隷也.mp3',
                                            'Podcast' => 0,
                                            'RememberBookmark' => 0,
                                            'ExcludeFromShuffle' => 0,
                                            'Lyrics' => '',
                                            'Category' => '',
                                            'Description' => '',
                                            'LongDescription' => '',
                                            'BookmarkTime' => 0,
                                            'VideoKind' => 0,
                                            'SkippedCount' => 0,
                                            'SkippedDate' => bless( do{\(my $o = 46188616)}, 'Win32::OLE::Variant' ),
                                            'PartOfGaplessAlbum' => 0,
                                            'AlbumArtist' => '',
                                            'Show' => '',
                                            'SeasonNumber' => 0,
                                            'EpisodeID' => '',
                                            'EpisodeNumber' => 0,
                                            'Size64High' => 0,
                                            'Size64Low' => 9622745,
                                            'Unplayed' => 0,
                                            'SortAlbum' => '',
                                            'SortAlbumArtist' => '',
                                            'SortArtist' => '',
                                            'SortComposer' => '',
                                            'SortName' => '',
                                            'SortShow' => '',
                                            'AlbumRating' => 0,
                                            'AlbumRatingKind' => 1,
                                            'ratingKind' => 1,
                                            'Playlists' => bless( {
                                                                    'Count' => 4,
                                                                    'Item' => undef,
                                                                    'ItemByName' => undef,
                                                                    'ItemByPersistentID' => undef
                                                                  }, 'Win32::OLE' ),
                                            'ReleaseDate' => bless( do{\(my $o = 46190632)}, 'Win32::OLE::Variant' )
                                          }, 'Win32::OLE' ),
                 'CurrentPlaylist' => bless( {
                                               'Name' => 'local',
                                               'Index' => 24,
                                               'sourceID' => 69,
                                               'playlistID' => 480,
                                               'trackID' => 0,
                                               'TrackDatabaseID' => 0,
                                               'Kind' => 2,
                                               'Source' => bless( {
                                                                    'Name' => 'ライブラリ',
                                                                    'Index' => 1,
                                                                    'sourceID' => 69,
                                                                    'playlistID' => 0,
                                                                    'trackID' => 0,
                                                                    'TrackDatabaseID' => 0,
                                                                    'Kind' => 1,
                                                                    'Capacity' => '0',
                                                                    'FreeSpace' => '0',
                                                                    'Playlists' => bless( {
                                                                                            'Count' => 20,
                                                                                            'Item' => undef,
                                                                                            'ItemByName' => undef,
                                                                                            'ItemByPersistentID' => undef
                                                                                          }, 'Win32::OLE' )
                                                                  }, 'Win32::OLE' ),
                                               'Duration' => 8545,
                                               'Shuffle' => 0,
                                               'Size' => '306673892',
                                               'SongRepeat' => 2,
                                               'Time' => '2:22:25',
                                               'Visible' => 1,
                                               'Tracks' => bless( {
                                                                    'Count' => 32,
                                                                    'Item' => undef,
                                                                    'ItemByPlayOrder' => undef,
                                                                    'ItemByName' => undef,
                                                                    'ItemByPersistentID' => undef
                                                                  }, 'Win32::OLE' ),
                                               'Shared' => 0,
                                               'Smart' => 0,
                                               'SpecialKind' => 0,
                                               'Parent' => undef
                                             }, 'Win32::OLE' ),
                 'SelectedTracks' => undef,
                 'Version' => '12.4.0.119',
                 'AppCommandMessageProcessingEnabled' => 1,
                 'ForceToForegroundOnDialog' => 0,
                 'CanSetShuffle' => undef,
                 'CanSetSongRepeat' => undef,
                 'ConvertOperationStatus' => undef,
                 'SoundVolumeControlEnabled' => 1,
                 'LibraryXMLPath' => 'E:\\Takehara\\Music\\iTunes\\iTunes Library.xml',
                 'ITObjectPersistentIDHigh' => undef,
                 'ITObjectPersistentIDLow' => undef
               }, 'Win32::OLE' );
